🦀 Building Rust verifier...
cd libocx-verify && cargo build --release --features ffi
   Compiling hex v0.4.3
   Compiling libocx-verify v0.1.0 (/home/kurokernel/Desktop/AXIS/ocx-protocol/libocx-verify)
warning: unused variable: `field_name`
   --> src/receipt.rs:198:9
    |
198 |         field_name: &'static str,
    |         ^^^^^^^^^^ help: if this is intentional, prefix it with an underscore: `_field_name`
    |
    = note: `#[warn(unused_variables)]` on by default

warning: unused variable: `field_name`
   --> src/receipt.rs:211:9
    |
211 |         field_name: &'static str,
    |         ^^^^^^^^^^ help: if this is intentional, prefix it with an underscore: `_field_name`

warning: unused variable: `field_name`
   --> src/receipt.rs:224:9
    |
224 |         field_name: &'static str,
    |         ^^^^^^^^^^ help: if this is intentional, prefix it with an underscore: `_field_name`

warning: multiple associated functions are never used
   --> src/receipt.rs:490:8
    |
35  | impl OcxReceipt {
    | --------------- associated functions in this implementation
...
490 |     fn extract_hash_by_text_key(map: &BTreeMap<CanonicalValue, CanonicalValue>, field_name: &str) -> Result<[u8; 32], VerificationError> {
    |        ^^^^^^^^^^^^^^^^^^^^^^^^
...
509 |     fn extract_uint64_by_text_key(map: &BTreeMap<CanonicalValue, CanonicalValue>, field_name: &str) -> Result<u64, VerificationError> {
    |        ^^^^^^^^^^^^^^^^^^^^^^^^^^
...
521 |     fn extract_string_by_text_key(map: &BTreeMap<CanonicalValue, CanonicalValue>, field_name: &str) -> Result<String, VerificationError> {
    |        ^^^^^^^^^^^^^^^^^^^^^^^^^^
...
533 |     fn extract_bytes_by_text_key(map: &BTreeMap<CanonicalValue, CanonicalValue>, field_name: &str) -> Result<Vec<u8>, VerificationError> {
    |        ^^^^^^^^^^^^^^^^^^^^^^^^^
...
545 |     fn extract_timestamp_ms(map: &BTreeMap<CanonicalValue, CanonicalValue>) -> Result<u64, VerificationError> {
    |        ^^^^^^^^^^^^^^^^^^^^
...
557 |     fn extract_optional_hash_by_text_key(map: &BTreeMap<CanonicalValue, CanonicalValue>, field_name: &str) -> Result<Option<[u8; 32]>, Ve...
    |        ^^^^^^^^^^^^^^^^^^^^^^^^^^^^^^^^^
...
574 |     fn extract_optional_signatures_by_text_key(map: &BTreeMap<CanonicalValue, CanonicalValue>, field_name: &str) -> Result<Vec<Vec<u8>>, ...
    |        ^^^^^^^^^^^^^^^^^^^^^^^^^^^^^^^^^^^^^^^
    |
    = note: `#[warn(dead_code)]` on by default

warning: type does not implement `Debug`; consider adding `#[derive(Debug)]` or a manual implementation
  --> src/debug.rs:6:1
   |
6  | / pub struct VerificationDebugInfo {
7  | |     pub parsed_fields: Vec<String>,
8  | |     pub canonical_cbor_hex: String,
9  | |     pub message_prefix: String,
10 | |     pub signature_algorithm: String,
11 | |     pub ed25519_result: String,
12 | | }
   | |_^
   |
note: the lint level is defined here
  --> src/lib.rs:7:23
   |
7  | #![warn(missing_docs, missing_debug_implementations, unused_crate_dependencies)]
   |                       ^^^^^^^^^^^^^^^^^^^^^^^^^^^^^

warning: missing documentation for a struct
 --> src/debug.rs:6:1
  |
6 | pub struct VerificationDebugInfo {
  | ^^^^^^^^^^^^^^^^^^^^^^^^^^^^^^^^
  |
note: the lint level is defined here
 --> src/lib.rs:7:9
  |
7 | #![warn(missing_docs, missing_debug_implementations, unused_crate_dependencies)]
  |         ^^^^^^^^^^^^

warning: missing documentation for a struct field
 --> src/debug.rs:7:5
  |
7 |     pub parsed_fields: Vec<String>,
  |     ^^^^^^^^^^^^^^^^^^^^^^^^^^^^^^

warning: missing documentation for a struct field
 --> src/debug.rs:8:5
  |
8 |     pub canonical_cbor_hex: String,
  |     ^^^^^^^^^^^^^^^^^^^^^^^^^^^^^^

warning: missing documentation for a struct field
 --> src/debug.rs:9:5
  |
9 |     pub message_prefix: String,
  |     ^^^^^^^^^^^^^^^^^^^^^^^^^^

warning: missing documentation for a struct field
  --> src/debug.rs:10:5
   |
10 |     pub signature_algorithm: String,
   |     ^^^^^^^^^^^^^^^^^^^^^^^^^^^^^^^

warning: missing documentation for a struct field
  --> src/debug.rs:11:5
   |
11 |     pub ed25519_result: String,
   |     ^^^^^^^^^^^^^^^^^^^^^^^^^^

warning: missing documentation for a function
  --> src/debug.rs:26:1
   |
26 | / pub fn create_debug_info(
27 | |     receipt: &OcxReceipt, 
28 | |     verification_result: &Result<(), VerificationError>
29 | | ) -> VerificationDebugInfo {
   | |__________________________^

warning: `libocx-verify` (lib) generated 12 warnings
    Finished `release` profile [optimized] target(s) in 0.52s
✅ Rust verifier built!
🔨 Building Go server...
go build -tags rust_verifier -ldflags="-w -s" -o bin/ocx-server ./cmd/server
🔨 Building Go webhook...
cd cmd/ocx-webhook && go build -o ../../bin/ad2-webhook .
🔨 Building Go verifier...
go build -o bin/ocx-verifier ./cmd/ocx-verifier
✅ Go components built!
🔨 Building Envoy filter...
cd adapters/ad3-envoy && make build
make[1]: Entering directory '/home/kurokernel/Desktop/AXIS/ocx-protocol/adapters/ad3-envoy'
g++ -std=c++17 -Wall -Wextra -O2 -fPIC -I/usr/local/include/envoy -I/usr/include/protobuf -I/usr/include/grpc++ -c envoy_filter.cc -o envoy_filter.o
In file included from envoy_filter.cc:4:
/usr/local/include/envoy/extensions/filters/http/common/pass_through_filter.h:3:10: fatal error: envoy/http/filter.h: No such file or directory
    3 | #include "envoy/http/filter.h"
      |          ^~~~~~~~~~~~~~~~~~~~~
compilation terminated.
make[1]: *** [Makefile:21: envoy_filter.o] Error 1
make[1]: Leaving directory '/home/kurokernel/Desktop/AXIS/ocx-protocol/adapters/ad3-envoy'
make: *** [Makefile:147: build-envoy] Error 2
